#
# A fatal error has been detected by the Java Runtime Environment:
#
#  Internal Error (javaClasses.cpp:126), pid=12936, tid=13624
#  fatal error: Invalid layout of preloaded class
#
# JRE version:  (8.0_25-b18) (build )
# Java VM: Java HotSpot(TM) Client VM (25.25-b02 mixed mode windows-x86 )
# Failed to write core dump. Minidumps are not enabled by default on client versions of Windows
#
# If you would like to submit a bug report, please visit:
#   http://bugreport.sun.com/bugreport/crash.jsp
#

---------------  T H R E A D  ---------------

Current thread (0x009ec000):  JavaThread "Unknown thread" [_thread_in_vm, id=13624, stack(0x002e0000,0x00330000)]

Stack: [0x002e0000,0x00330000],  sp=0x0032f63c,  free space=317k
Native frames: (J=compiled Java code, j=interpreted, Vv=VM code, C=native code)
V  [jvm.dll+0x19796b]
V  [jvm.dll+0x1908e6]
V  [jvm.dll+0x3b4e9]
V  [jvm.dll+0x3b69e]
V  [jvm.dll+0x4a063]
V  [jvm.dll+0x9dc8e]
V  [jvm.dll+0x9df52]
V  [jvm.dll+0x145a01]
V  [jvm.dll+0x169ab8]
V  [jvm.dll+0xdaea1]
C  [javaw.exe+0x13e4]
C  [javaw.exe+0x1eb7]
C  [javaw.exe+0xaba1]
C  [javaw.exe+0xac2b]
C  [kernel32.dll+0x13677]
C  [ntdll.dll+0x39f42]
C  [ntdll.dll+0x39f15]
C  0x00000000


---------------  P R O C E S S  ---------------

Java Threads: ( => current thread )

Other Threads:

=>0x009ec000 (exited) JavaThread "Unknown thread" [_thread_in_vm, id=13624, stack(0x002e0000,0x00330000)]

VM state:not at safepoint (not fully initialized)

VM Mutex/Monitor currently owned by a thread: None

GC Heap History (0 events):
No events

Deoptimization events (0 events):
No events

Internal exceptions (0 events):
No events

Events (10 events):
Event: 0.013 loading class java/lang/CharSequence done
Event: 0.014 loading class java/lang/String done
Event: 0.014 loading class java/lang/Class
Event: 0.014 loading class java/lang/reflect/AnnotatedElement
Event: 0.014 loading class java/lang/reflect/AnnotatedElement done
Event: 0.014 loading class java/lang/reflect/GenericDeclaration
Event: 0.014 loading class java/lang/reflect/GenericDeclaration done
Event: 0.014 loading class java/lang/reflect/Type
Event: 0.014 loading class java/lang/reflect/Type done
Event: 0.014 loading class java/lang/Class done


Dynamic libraries:
0x00d50000 - 0x00d80000 	C:\Program Files (x86)\Java\jre1.8.0_25\bin\javaw.exe
0x777e0000 - 0x77960000 	C:\windows\SysWOW64\ntdll.dll
0x76740000 - 0x76850000 	C:\windows\syswow64\kernel32.dll
0x76a80000 - 0x76ac7000 	C:\windows\syswow64\KERNELBASE.dll
0x74de0000 - 0x74e80000 	C:\windows\syswow64\ADVAPI32.dll
0x74d20000 - 0x74dcc000 	C:\windows\syswow64\msvcrt.dll
0x76440000 - 0x76459000 	C:\windows\SysWOW64\sechost.dll
0x76030000 - 0x76120000 	C:\windows\syswow64\RPCRT4.dll
0x74a30000 - 0x74a90000 	C:\windows\syswow64\SspiCli.dll
0x74a20000 - 0x74a2c000 	C:\windows\syswow64\CRYPTBASE.dll
0x76460000 - 0x76560000 	C:\windows\syswow64\USER32.dll
0x74b80000 - 0x74c10000 	C:\windows\syswow64\GDI32.dll
0x76420000 - 0x7642a000 	C:\windows\syswow64\LPK.dll
0x766a0000 - 0x7673d000 	C:\windows\syswow64\USP10.dll
0x72a60000 - 0x72bfe000 	C:\windows\WinSxS\x86_microsoft.windows.common-controls_6595b64144ccf1df_6.0.7600.16661_none_420fe3fa2b8113bd\COMCTL32.dll
0x76c30000 - 0x76c87000 	C:\windows\syswow64\SHLWAPI.dll
0x74e80000 - 0x74ee0000 	C:\windows\system32\IMM32.DLL
0x74f30000 - 0x74ffc000 	C:\windows\syswow64\MSCTF.dll
0x10000000 - 0x1001c000 	C:\PROGRA~2\COMMON~1\Baidu\BDWEBA~1\20320~1.0\BDEWebAdapterFrame.dll
0x6e2e0000 - 0x6e39f000 	C:\Program Files (x86)\Java\jre1.8.0_25\bin\msvcr100.dll
0x673f0000 - 0x67794000 	C:\Program Files (x86)\Java\jre1.8.0_25\bin\client\jvm.dll
0x72030000 - 0x72037000 	C:\windows\system32\WSOCK32.dll
0x76270000 - 0x762a5000 	C:\windows\syswow64\WS2_32.dll
0x76430000 - 0x76436000 	C:\windows\syswow64\NSI.dll
0x751c0000 - 0x751f2000 	C:\windows\syswow64\WINMM.dll
0x75f00000 - 0x75f05000 	C:\windows\syswow64\PSAPI.DLL
0x744f0000 - 0x744fc000 	C:\Program Files (x86)\Java\jre1.8.0_25\bin\verify.dll
0x744c0000 - 0x744e1000 	C:\Program Files (x86)\Java\jre1.8.0_25\bin\java.dll
0x744a0000 - 0x744b3000 	C:\Program Files (x86)\Java\jre1.8.0_25\bin\zip.dll
0x718c0000 - 0x719ab000 	C:\windows\system32\dbghelp.dll

VM Arguments:
jvm_args: -Dfile.encoding=UTF-8 -Xbootclasspath:C:\Program Files (x86)\adt-bundle-windows-x86-20130729\sdk\platforms\android-18\android.jar 
java_command: com.example.zabbent.zabbix_info
java_class_path (initial): G:\huahua\huahua\develop\zabbent\libs\android-support-v4.jar;G:\huahua\huahua\develop\zabbent\bin\classes
Launcher Type: SUN_STANDARD

Environment Variables:
PATH=C:/Program Files (x86)/Java/jre1.8.0_25/bin/client;C:/Program Files (x86)/Java/jre1.8.0_25/bin;C:/Program Files (x86)/Java/jre1.8.0_25/lib/i386;C:\ProgramData\Oracle\Java\javapath;C:\Program Files (x86)\Common Files\NetSarang;c:\gtk\bin;C:\Windows\system32;C:\Windows;C:\Windows\System32\Wbem;C:\Windows\System32\WindowsPowerShell\v1.0\;C:\Program Files (x86)\Lenovo\Access Connections\;C:\Program Files (x86)\Intel\OpenCL SDK\2.0\bin\x86;C:\Program Files (x86)\Intel\OpenCL SDK\2.0\bin\x64;C:\Program Files (x86)\OpenSSH\bin;C:\Program Files (x86)\Intel\Services\IPT\;C:\Program Files (x86)\QuickTime\QTSystem\;C:\Program Files (x86)\adt-bundle-windows-x86-20130729\eclipse;
USERNAME=lejie
OS=Windows_NT
PROCESSOR_IDENTIFIER=Intel64 Family 6 Model 42 Stepping 7, GenuineIntel



---------------  S Y S T E M  ---------------

OS: Windows 7 , 64 bit Build 7600 

CPU:total 4 (2 cores per cpu, 2 threads per core) family 6 model 42 stepping 7, cmov, cx8, fxsr, mmx, sse, sse2, sse3, ssse3, sse4.1, sse4.2, popcnt, aes, clmul, ht, tsc, tscinvbit

Memory: 4k page, physical 8157424k(3023248k free), swap 16312940k(10124228k free)

vm_info: Java HotSpot(TM) Client VM (25.25-b02) for windows-x86 JRE (1.8.0_25-b18), built on Oct  7 2014 14:31:05 by "java_re" with MS VC++ 10.0 (VS2010)

time: Sat Jan 10 15:03:14 2015
elapsed time: 0 seconds (0d 0h 0m 0s)

